Generated at 2018-02-28 03:57:55 +0000
SystemExit: exit
/opt/chefdk/embedded/lib/ruby/gems/2.4.0/gems/chef-13.6.4/lib/chef/application.rb:358:in `exit'
/opt/chefdk/embedded/lib/ruby/gems/2.4.0/gems/chef-13.6.4/lib/chef/application.rb:358:in `fatal!'
/opt/chefdk/embedded/lib/ruby/gems/2.4.0/gems/chef-13.6.4/lib/chef/application.rb:64:in `block in setup_signal_handlers'
/opt/chefdk/embedded/lib/ruby/site_ruby/2.4.0/rubygems/core_ext/kernel_require.rb:55:in `require'
/opt/chefdk/embedded/lib/ruby/site_ruby/2.4.0/rubygems/core_ext/kernel_require.rb:55:in `require'
/opt/chefdk/embedded/lib/ruby/gems/2.4.0/gems/ohai-13.6.0/lib/ohai/plugins/ec2.rb:28:in `block in <main>'
/opt/chefdk/embedded/lib/ruby/gems/2.4.0/gems/ohai-13.6.0/lib/ohai/dsl/plugin.rb:56:in `initialize'
/opt/chefdk/embedded/lib/ruby/gems/2.4.0/gems/ohai-13.6.0/lib/ohai/dsl/plugin.rb:56:in `new'
/opt/chefdk/embedded/lib/ruby/gems/2.4.0/gems/ohai-13.6.0/lib/ohai/dsl/plugin.rb:56:in `plugin'
/opt/chefdk/embedded/lib/ruby/gems/2.4.0/gems/ohai-13.6.0/lib/ohai/plugins/ec2.rb:27:in `<main>'
/opt/chefdk/embedded/lib/ruby/gems/2.4.0/gems/ohai-13.6.0/lib/ohai/loader.rb:192:in `eval'
/opt/chefdk/embedded/lib/ruby/gems/2.4.0/gems/ohai-13.6.0/lib/ohai/loader.rb:192:in `load_v7_plugin_class'
/opt/chefdk/embedded/lib/ruby/gems/2.4.0/gems/ohai-13.6.0/lib/ohai/loader.rb:133:in `load_plugin_class'
/opt/chefdk/embedded/lib/ruby/gems/2.4.0/gems/ohai-13.6.0/lib/ohai/loader.rb:81:in `block in load_all'
/opt/chefdk/embedded/lib/ruby/gems/2.4.0/gems/ohai-13.6.0/lib/ohai/loader.rb:80:in `each'
/opt/chefdk/embedded/lib/ruby/gems/2.4.0/gems/ohai-13.6.0/lib/ohai/loader.rb:80:in `load_all'
/opt/chefdk/embedded/lib/ruby/gems/2.4.0/gems/ohai-13.6.0/lib/ohai/system.rb:86:in `load_plugins'
/opt/chefdk/embedded/lib/ruby/gems/2.4.0/gems/ohai-13.6.0/lib/ohai/system.rb:81:in `all_plugins'
/opt/chefdk/embedded/lib/ruby/gems/2.4.0/gems/chef-13.6.4/lib/chef/client.rb:606:in `run_ohai'
/opt/chefdk/embedded/lib/ruby/gems/2.4.0/gems/chef-13.6.4/lib/chef/client.rb:265:in `run'
/opt/chefdk/embedded/lib/ruby/gems/2.4.0/gems/chef-13.6.4/lib/chef/application.rb:291:in `block in fork_chef_client'
/opt/chefdk/embedded/lib/ruby/gems/2.4.0/gems/chef-13.6.4/lib/chef/application.rb:279:in `fork'
/opt/chefdk/embedded/lib/ruby/gems/2.4.0/gems/chef-13.6.4/lib/chef/application.rb:279:in `fork_chef_client'
/opt/chefdk/embedded/lib/ruby/gems/2.4.0/gems/chef-13.6.4/lib/chef/application.rb:244:in `block in run_chef_client'
/opt/chefdk/embedded/lib/ruby/gems/2.4.0/gems/chef-13.6.4/lib/chef/local_mode.rb:44:in `with_server_connectivity'
/opt/chefdk/embedded/lib/ruby/gems/2.4.0/gems/chef-13.6.4/lib/chef/application.rb:232:in `run_chef_client'
/opt/chefdk/embedded/lib/ruby/gems/2.4.0/gems/chef-13.6.4/lib/chef/application/client.rb:469:in `sleep_then_run_chef_client'
/opt/chefdk/embedded/lib/ruby/gems/2.4.0/gems/chef-13.6.4/lib/chef/application/client.rb:458:in `block in interval_run_chef_client'
/opt/chefdk/embedded/lib/ruby/gems/2.4.0/gems/chef-13.6.4/lib/chef/application/client.rb:457:in `loop'
/opt/chefdk/embedded/lib/ruby/gems/2.4.0/gems/chef-13.6.4/lib/chef/application/client.rb:457:in `interval_run_chef_client'
/opt/chefdk/embedded/lib/ruby/gems/2.4.0/gems/chef-13.6.4/lib/chef/application/client.rb:441:in `run_application'
/opt/chefdk/embedded/lib/ruby/gems/2.4.0/gems/chef-13.6.4/lib/chef/application.rb:59:in `run'
/opt/chefdk/embedded/lib/ruby/gems/2.4.0/gems/chef-13.6.4/bin/chef-client:26:in `<top (required)>'
/usr/bin/chef-client:255:in `load'
/usr/bin/chef-client:255:in `<main>'